-------------------------------------------------------------------------------
Test set: runner.Test_Runner
-------------------------------------------------------------------------------
Tests run: 1, Failures: 1, Errors: 0, Skipped: 0, Time elapsed: 13.684 s <<< FAILURE! - in runner.Test_Runner
Login.To Login with valid input  Time elapsed: 12.029 s  <<< FAILURE!
org.junit.ComparisonFailure: expected:<Welcome [Nishanth05]> but was:<Welcome [Paul]>

