<?xml version="1.0" encoding="UTF-8" standalone="no"?>
<testsuite errors="0" failures="0" name="io.cucumber.core.plugin.JUnitFormatter" skipped="0" tests="2" time="31.167">
<testcase classname="Login" name="To test with different data" time="16.305">
<system-out><![CDATA[Given I enter valid Url.....................................................passed
When I enter valid UserName "Admin".........................................passed
And I enter valid Password "admin123".......................................passed
And click Submit............................................................passed
Then I should see user name "Welcome Paul"..................................passed
]]></system-out>
</testcase>
<testcase classname="Login" name="To test with different data 2" time="14.324">
<system-out><![CDATA[Given I enter valid Url.....................................................passed
When I enter valid UserName "Admin".........................................passed
And I enter valid Password "admin123".......................................passed
And click Submit............................................................passed
Then I should see user name "Welcome Paul"..................................passed
]]></system-out>
</testcase>
</testsuite>
